Using pre-set license
Built from '2022.1/china_unity/release' branch; Version is '2022.1.16f1c1 (c48b242658a2) revision 12880676'; Using compiler version '192829333'; Build Type 'Release'
OS: 'Windows 11  (10.0.22000) 64bit Professional' Language: 'zh' Physical Memory: 16310 MB
BatchMode: 1, IsHumanControllingUs: 0, StartBugReporterOnCrash: 0, Is64bit: 1, IsPro: 1

COMMAND LINE ARGUMENTS:
C:\Program Files\Unity\Hub\Editor\2022.1.16f1c1\Editor\Unity.exe
-adb2
-batchMode
-noUpm
-name
AssetImportWorker3
-projectPath
D:/ZhuaC/MyProject/U3DAvatar
-logFile
Logs/AssetImportWorker3.log
-srvPort
59823
Successfully changed project path to: D:/ZhuaC/MyProject/U3DAvatar
D:/ZhuaC/MyProject/U3DAvatar
[UnityMemory] Configuration Parameters - Can be set up in boot.config
    "memorysetup-bucket-allocator-granularity=16"
    "memorysetup-bucket-allocator-bucket-count=8"
    "memorysetup-bucket-allocator-block-size=33554432"
    "memorysetup-bucket-allocator-block-count=8"
    "memorysetup-main-allocator-block-size=16777216"
    "memorysetup-thread-allocator-block-size=16777216"
    "memorysetup-gfx-main-allocator-block-size=16777216"
    "memorysetup-gfx-thread-allocator-block-size=16777216"
    "memorysetup-cache-allocator-block-size=4194304"
    "memorysetup-typetree-allocator-block-size=2097152"
    "memorysetup-profiler-bucket-allocator-granularity=16"
    "memorysetup-profiler-bucket-allocator-bucket-count=8"
    "memorysetup-profiler-bucket-allocator-block-size=33554432"
    "memorysetup-profiler-bucket-allocator-block-count=8"
    "memorysetup-profiler-allocator-block-size=16777216"
    "memorysetup-profiler-editor-allocator-block-size=1048576"
    "memorysetup-temp-allocator-size-main=16777216"
    "memorysetup-job-temp-allocator-block-size=2097152"
    "memorysetup-job-temp-allocator-block-size-background=1048576"
    "memorysetup-job-temp-allocator-reduction-small-platforms=262144"
    "memorysetup-temp-allocator-size-background-worker=32768"
    "memorysetup-temp-allocator-size-job-worker=262144"
    "memorysetup-temp-allocator-size-preload-manager=33554432"
    "memorysetup-temp-allocator-size-nav-mesh-worker=65536"
    "memorysetup-temp-allocator-size-audio-worker=65536"
    "memorysetup-temp-allocator-size-cloud-worker=32768"
    "memorysetup-temp-allocator-size-gi-baking-worker=262144"
    "memorysetup-temp-allocator-size-gfx=262144"
Refreshing native plugins compatible for Editor in 45.69 ms, found 2 plugins.
Preloading 0 native plugins for Editor in 0.00 ms.
Initialize engine version: 2022.1.16f1c1 (c48b242658a2)
[Subsystems] Discovering subsystems at path C:/Program Files/Unity/Hub/Editor/2022.1.16f1c1/Editor/Data/Resources/UnitySubsystems
[Subsystems] Discovering subsystems at path D:/ZhuaC/MyProject/U3DAvatar/Assets
GfxDevice: creating device client; threaded=0; jobified=0
Direct3D:
    Version:  Direct3D 11.0 [level 11.1]
    Renderer: AMD Radeon RX 6750 XT (ID=0x73df)
    Vendor:   ATI
    VRAM:     12243 MB
    Driver:   30.0.15021.11005
Initialize mono
Mono path[0] = 'C:/Program Files/Unity/Hub/Editor/2022.1.16f1c1/Editor/Data/Managed'
Mono path[1] = 'C:/Program Files/Unity/Hub/Editor/2022.1.16f1c1/Editor/Data/MonoBleedingEdge/lib/mono/unityjit-win32'
Mono config path = 'C:/Program Files/Unity/Hub/Editor/2022.1.16f1c1/Editor/Data/MonoBleedingEdge/etc'
Using monoOptions --debugger-agent=transport=dt_socket,embedding=1,server=y,suspend=n,address=127.0.0.1:56004
Begin MonoManager ReloadAssembly
Registering precompiled unity dll's ...
Register platform support module: C:/Program Files/Unity/Hub/Editor/2022.1.16f1c1/Editor/Data/PlaybackEngines/AndroidPlayer/UnityEditor.Android.Extensions.dll
Register platform support module: C:/Program Files/Unity/Hub/Editor/2022.1.16f1c1/Editor/Data/PlaybackEngines/WindowsStandaloneSupport/UnityEditor.WindowsStandalone.Extensions.dll
Registered in 0.006683 seconds.
Native extension for WindowsStandalone target not found
Native extension for Android target not found
Refreshing native plugins compatible for Editor in 32.97 ms, found 2 plugins.
Preloading 0 native plugins for Editor in 0.00 ms.
Mono: successfully reloaded assembly
- Completed reload, in  0.555 seconds
Domain Reload Profiling:
	ReloadAssembly (555ms)
		BeginReloadAssembly (68ms)
			ExecutionOrderSort (0ms)
			DisableScriptedObjects (0ms)
			BackupInstance (0ms)
			ReleaseScriptingObjects (0ms)
			CreateAndSetChildDomain (1ms)
		EndReloadAssembly (384ms)
			LoadAssemblies (65ms)
			RebuildTransferFunctionScriptingTraits (0ms)
			SetupTypeCache (90ms)
				TypeCache.Initialize (90ms)
					TypeCache.ScanAssembly (88ms)
				ResolveRequiredComponents (0ms)
			ReleaseScriptCaches (0ms)
			RebuildScriptCaches (23ms)
			SetupLoadedEditorAssemblies (220ms)
				LogAssemblyErrors (0ms)
				InitializePlatformSupportModulesInManaged (44ms)
				SetLoadedEditorAssemblies (6ms)
				RefreshPlugins (33ms)
				BeforeProcessingInitializeOnLoad (1ms)
				ProcessInitializeOnLoadAttributes (93ms)
				ProcessInitializeOnLoadMethodAttributes (42ms)
				AfterProcessingInitializeOnLoad (0ms)
				EditorAssembliesLoaded (0ms)
			ExecutionOrderSort2 (0ms)
			AwakeInstancesAfterBackupRestoration (0ms)
Platform modules already initialized, skipping
Registering precompiled user dll's ...
Registered in 0.008231 seconds.
Begin MonoManager ReloadAssembly
Native extension for WindowsStandalone target not found
Native extension for Android target not found
Refreshing native plugins compatible for Editor in 0.66 ms, found 2 plugins.
Preloading 0 native plugins for Editor in 0.00 ms.
Package Manager log level set to [2]
[Package Manager] Server::EnsureServerProcessIsRunning -- launch failed, reason: Unity was launched with the -noUpm command-line argument
[Package Manager] UpmClient::Send -- Unable to send message (not connected to UPM process).
[Package Manager] Cannot connect to Unity Package Manager local server
Mono: successfully reloaded assembly
- Completed reload, in  1.018 seconds
Domain Reload Profiling:
	ReloadAssembly (1018ms)
		BeginReloadAssembly (207ms)
			ExecutionOrderSort (0ms)
			DisableScriptedObjects (4ms)
			BackupInstance (0ms)
			ReleaseScriptingObjects (0ms)
			CreateAndSetChildDomain (121ms)
		EndReloadAssembly (705ms)
			LoadAssemblies (72ms)
			RebuildTransferFunctionScriptingTraits (0ms)
			SetupTypeCache (159ms)
				TypeCache.Initialize (157ms)
					TypeCache.ScanAssembly (154ms)
				ResolveRequiredComponents (2ms)
			ReleaseScriptCaches (0ms)
			RebuildScriptCaches (43ms)
			SetupLoadedEditorAssemblies (380ms)
				LogAssemblyErrors (0ms)
				InitializePlatformSupportModulesInManaged (12ms)
				SetLoadedEditorAssemblies (7ms)
				RefreshPlugins (1ms)
				BeforeProcessingInitializeOnLoad (66ms)
				ProcessInitializeOnLoadAttributes (173ms)
				ProcessInitializeOnLoadMethodAttributes (110ms)
				AfterProcessingInitializeOnLoad (11ms)
				EditorAssembliesLoaded (0ms)
			ExecutionOrderSort2 (0ms)
			AwakeInstancesAfterBackupRestoration (5ms)
Platform modules already initialized, skipping
========================================================================
Worker process is ready to serve import requests
Launched and connected shader compiler UnityShaderCompiler.exe after 0.04 seconds
Refreshing native plugins compatible for Editor in 0.73 ms, found 2 plugins.
Preloading 0 native plugins for Editor in 0.00 ms.
Unloading 2389 Unused Serialized files (Serialized files now loaded: 0)
Unloading 52 unused Assets / (58.2 KB). Loaded Objects now: 2844.
Memory consumption went from 386.5 MB to 386.4 MB.
Total: 7.976800 ms (FindLiveObjects: 0.308000 ms CreateObjectMapping: 0.067900 ms MarkObjects: 7.470700 ms  DeleteObjects: 0.128200 ms)

AssetImportParameters requested are different than current active one (requested -> active):
  custom:video-decoder-ogg-theora: a1e56fd34408186e4bbccfd4996cb3dc -> 
  custom:container-muxer-webm: aa71ff27fc2769a1b78a27578f13a17b -> 
  custom:container-demuxer-webm: 4f35f7cbe854078d1ac9338744f61a02 -> 
  custom:video-encoder-webm-vp8: eb34c28f22e8b96e1ab97ce403110664 -> 
  custom:audio-encoder-webm-vorbis: bf7c407c2cedff20999df2af8eb42d56 -> 
  custom:framework-win-MediaFoundation: 216162199b28c13a410421893ffa2e32 -> 
  custom:container-demuxer-ogg: 62fdf1f143b41e24485cea50d1cbac27 -> 
  custom:video-decoder-webm-vp8: 9c59270c3fd7afecdb556c50c9e8de78 -> 
  custom:audio-decoder-ogg-vorbis: bf7c407c2cedff20999df2af8eb42d56 -> 
========================================================================
Received Import Request.
  Time since last request: 37830.487836 seconds.
  path: Assets/Sources/Character/characters/Female/textures/female_face-2.tga
  artifactKey: Guid(5d70e6b46ff408a4f8d348cf44354e34) Importer(815301076,1909f56bfc062723c751e8b465ee728b)
Start importing Assets/Sources/Character/characters/Female/textures/female_face-2.tga using Guid(5d70e6b46ff408a4f8d348cf44354e34) Importer(815301076,1909f56bfc062723c751e8b465ee728b)  -> (artifact id: 'e69cdaa5fda8283343e745a8581e5ba4') in 0.061316 seconds 
========================================================================
Received Import Request.
  Time since last request: 0.000020 seconds.
  path: Assets/Sources/Character/characters/Male/textures/male_top-1_blue.tga
  artifactKey: Guid(2ccf793fe67f0604ea44b4fdb9252ff7) Importer(815301076,1909f56bfc062723c751e8b465ee728b)
Start importing Assets/Sources/Character/characters/Male/textures/male_top-1_blue.tga using Guid(2ccf793fe67f0604ea44b4fdb9252ff7) Importer(815301076,1909f56bfc062723c751e8b465ee728b)  -> (artifact id: 'bb7aea6e8ab9a70c5ea85067a6b409a6') in 0.007727 seconds 
========================================================================
Received Import Request.
  Time since last request: 0.000023 seconds.
  path: Assets/Sources/Character/characters/Male/Per Texture Materials/male_top-1_blue.mat
  artifactKey: Guid(f204ba065eef1db4e9bb36cd346e4c77) Importer(815301076,1909f56bfc062723c751e8b465ee728b)
Start importing Assets/Sources/Character/characters/Male/Per Texture Materials/male_top-1_blue.mat using Guid(f204ba065eef1db4e9bb36cd346e4c77) Importer(815301076,1909f56bfc062723c751e8b465ee728b)  -> (artifact id: '466e7c31e3d2ebaec209a2e7b561cd90') in 0.067056 seconds 
========================================================================
Received Import Request.
  Time since last request: 0.000020 seconds.
  path: Assets/Sources/Character/characters/Female/Female.FBX
  artifactKey: Guid(789930eedf826ae45a21ba60798ff86d) Importer(815301076,1909f56bfc062723c751e8b465ee728b)
Start importing Assets/Sources/Character/characters/Female/Female.FBX using Guid(789930eedf826ae45a21ba60798ff86d) Importer(815301076,1909f56bfc062723c751e8b465ee728b)  -> (artifact id: 'f02eb37a419c46ba5c6bc14538dd775d') in 0.381935 seconds 
========================================================================
Received Import Request.
  Time since last request: 0.000023 seconds.
  path: Assets/Sources/Character/characters/Female/textures/female_top-2_purple.tga
  artifactKey: Guid(f6c3ac5b7ba87c24f872223f87a3edf9) Importer(815301076,1909f56bfc062723c751e8b465ee728b)
Start importing Assets/Sources/Character/characters/Female/textures/female_top-2_purple.tga using Guid(f6c3ac5b7ba87c24f872223f87a3edf9) Importer(815301076,1909f56bfc062723c751e8b465ee728b)  -> (artifact id: 'b84db76b08cfedab80a5f4eda3112edd') in 0.007070 seconds 
========================================================================
Received Import Request.
  Time since last request: 0.000021 seconds.
  path: Assets/Sources/Character/characters/Female/textures/female_eyes_blue.tga
  artifactKey: Guid(ac8a517bd6f1fc0409acf74df1eee6a5) Importer(815301076,1909f56bfc062723c751e8b465ee728b)
Start importing Assets/Sources/Character/characters/Female/textures/female_eyes_blue.tga using Guid(ac8a517bd6f1fc0409acf74df1eee6a5) Importer(815301076,1909f56bfc062723c751e8b465ee728b)  -> (artifact id: 'a3cb8012e5e0ce15139614b675e710ef') in 0.006361 seconds 
========================================================================
Received Import Request.
  Time since last request: 0.000017 seconds.
  path: Assets/Sources/Character/characters/Male/Male@item_shirt.fbx
  artifactKey: Guid(1f72197b3d3c6564ca640c42000ab188) Importer(815301076,1909f56bfc062723c751e8b465ee728b)
Start importing Assets/Sources/Character/characters/Male/Male@item_shirt.fbx using Guid(1f72197b3d3c6564ca640c42000ab188) Importer(815301076,1909f56bfc062723c751e8b465ee728b)  -> (artifact id: 'e518901b1dd5fab0ffc5ee2db7d105d9') in 0.102223 seconds 
========================================================================
Received Import Request.
  Time since last request: 0.000030 seconds.
  path: Assets/Sources/Character/Env/dressing_room/textures/carpetLightingMap.tga
  artifactKey: Guid(509a483268966e54ba8f118d7e3d798f) Importer(815301076,1909f56bfc062723c751e8b465ee728b)
Start importing Assets/Sources/Character/Env/dressing_room/textures/carpetLightingMap.tga using Guid(509a483268966e54ba8f118d7e3d798f) Importer(815301076,1909f56bfc062723c751e8b465ee728b)  -> (artifact id: 'ad387cd4ef90f48c572fca2ef3fb2895') in 0.008811 seconds 
========================================================================
Received Import Request.
  Time since last request: 0.000018 seconds.
  path: Assets/Sources/Character/Env/dressing_room/Materials/dressing_room-metal.mat
  artifactKey: Guid(b0e39943acab28344a25704efd6522c1) Importer(815301076,1909f56bfc062723c751e8b465ee728b)
Start importing Assets/Sources/Character/Env/dressing_room/Materials/dressing_room-metal.mat using Guid(b0e39943acab28344a25704efd6522c1) Importer(815301076,1909f56bfc062723c751e8b465ee728b)  -> (artifact id: 'eda5e8169e2cf0fff323862e647b6cec') in 0.046346 seconds 
Editor requested this worker to shutdown with reason: Scaling down because of idle timeout
AssetImportWorker is now disconnected from the server
Process exiting
Exiting without the bug reporter. Application will terminate with return code 0